<?xml version="1.0" encoding="UTF-8"?>
<testsuite name="com.example.universityapi.UniversityApiApplicationTests" tests="1" skipped="0" failures="0" errors="0" timestamp="2024-06-05T23:56:22" hostname="DESKTOP-V4STCVA" time="0.543">
  <properties/>
  <testcase name="contextLoads()" classname="com.example.universityapi.UniversityApiApplicationTests" time="0.543"/>
  <system-out><![CDATA[16:56:21.700 [Test worker] INFO org.springframework.test.context.support.AnnotationConfigContextLoaderUtils -- Could not detect default configuration classes for test class [com.example.universityapi.UniversityApiApplicationTests]: UniversityApiApplicationTests does not declare any static, non-private, non-final, nested classes annotated with @Configuration.
16:56:21.769 [Test worker] INFO org.springframework.boot.test.context.SpringBootTestContextBootstrapper -- Found @SpringBootConfiguration com.example.UniversityApiApplication for test class com.example.universityapi.UniversityApiApplicationTests
  .   ____          _            __ _ _
 /\\ / ___'_ __ _ _(_)_ __  __ _ \ \ \ \
( ( )\___ | '_ | '_| | '_ \/ _` | \ \ \ \
 \\/  ___)| |_)| | | | | || (_| |  ) ) ) )
  '  |____| .__|_| |_|_| |_\__, | / / / /
 =========|_|==============|___/=/_/_/_/

 :: Spring Boot ::                (v3.3.0)

2024-06-05T16:56:22.058-07:00  INFO 2311 --- [UniversityApi] [    Test worker] c.e.u.UniversityApiApplicationTests      : Starting UniversityApiApplicationTests using Java 17.0.10 with PID 2311 (started by godvzzz in /home/godvzzz/UniversityApi)
2024-06-05T16:56:22.060-07:00  INFO 2311 --- [UniversityApi] [    Test worker] c.e.u.UniversityApiApplicationTests      : No active profile set, falling back to 1 default profile: "default"
2024-06-05T16:56:22.880-07:00  INFO 2311 --- [UniversityApi] [    Test worker] c.e.u.UniversityApiApplicationTests      : Started UniversityApiApplicationTests in 1.005 seconds (process running for 1.743)
]]></system-out>
  <system-err><![CDATA[]]></system-err>
</testsuite>
